Starting Nmap 7.95 ( https://nmap.org ) at 2025-03-26 09:17 EDT
Nmap scan report for 10.0.2.2
Host is up (0.0013s latency).

PORT      STATE    SERVICE   VERSION
22/tcp    filtered ssh
23/tcp    filtered telnet
80/tcp    filtered http
102/tcp   filtered iso-tsap
443/tcp   filtered https
502/tcp   filtered mbap
2404/tcp  filtered iec-104
4840/tcp  filtered opcua-tcp
20000/tcp filtered dnp
47808/tcp filtered bacnet
MAC Address: 52:55:0A:00:02:02 (Unknown)
Warning: OSScan results may be unreliable because we could not find at least 1 open and 1 closed port
Device type: VoIP adapter|general purpose|WAP|specialized|media device
Running (JUST GUESSING): AT&T embedded (98%), GNU Hurd (97%), Linux 2.2.X|2.1.X (97%), Netgear embedded (97%), ZKTeco embedded (97%), Philips embedded (97%), Sony embedded (97%), Compaq Tru64 UNIX 5.X (96%)
OS CPE: cpe:/o:gnu:hurd cpe:/o:linux:linux_kernel:2.2.14 cpe:/h:netgear:wg602v1 cpe:/o:linux:linux_kernel:2.1.24 cpe:/h:philips:hdr112 cpe:/h:sony:svr-2000 cpe:/o:linux:linux_kernel:2.2.13 cpe:/o:compaq:tru64:5
Aggressive OS guesses: AT&T BGW210 voice gateway (98%), GNU Hurd 0.3 (97%), Netgear WG602v1 WAP (Linux 2.2.14) (97%), ZKTeco F18 fingerprint reader (97%), TiVo series 1 (Sony SVR-2000 or Philips HDR112) (Linux 2.1.24-TiVo-2.5, PowerPC) (97%), Linux 2.2.13 (97%), Linux 2.2.5 - 2.2.14 (97%), Linux 2.2.9 (97%), Compaq Tru64 UNIX 5.1B or HP OpenVMS 8.2 - 8.3 (96%), Aruba 200 wireless LAN controller (ArubaOS 3.3.2.5) (96%)
No exact OS matches for host (test conditions non-ideal).
Network Distance: 1 hop

TRACEROUTE
HOP RTT     ADDRESS
1   1.35 ms 10.0.2.2

Nmap scan report for 10.0.2.3
Host is up (0.0047s latency).

PORT      STATE    SERVICE   VERSION
22/tcp    filtered ssh
23/tcp    filtered telnet
80/tcp    filtered http
102/tcp   filtered iso-tsap
443/tcp   filtered https
502/tcp   filtered mbap
2404/tcp  filtered iec-104
4840/tcp  filtered opcua-tcp
20000/tcp filtered dnp
47808/tcp filtered bacnet
MAC Address: 52:55:0A:00:02:03 (Unknown)
Warning: OSScan results may be unreliable because we could not find at least 1 open and 1 closed port
Device type: general purpose
Running: QEMU
OS CPE: cpe:/a:qemu:qemu
OS details: QEMU user mode network gateway
Network Distance: 1 hop

TRACEROUTE
HOP RTT     ADDRESS
1   4.72 ms 10.0.2.3

Nmap scan report for 10.0.2.15
Host is up (0.000090s latency).

PORT      STATE  SERVICE   VERSION
22/tcp    closed ssh
23/tcp    closed telnet
80/tcp    closed http
102/tcp   closed iso-tsap
443/tcp   closed https
502/tcp   closed mbap
2404/tcp  closed iec-104
4840/tcp  closed opcua-tcp
20000/tcp closed dnp
47808/tcp closed bacnet
Too many fingerprints match this host to give specific OS details
Network Distance: 0 hops

OS and Service detection performed. Please report any incorrect results at https://nmap.org/submit/ .
Nmap done: 256 IP addresses (3 hosts up) scanned in 18.59 seconds
